<?xml version="1.0" encoding="UTF-8"?>
<testng-results ignored="0" total="3" passed="3" failed="0" skipped="0">
  <reporter-output>
  </reporter-output>
  <suite started-at="2025-09-09T21:29:11 IST" name="mysuite" finished-at="2025-09-09T21:29:55 IST" duration-ms="43362">
    <groups>
    </groups>
    <test started-at="2025-09-09T21:29:11 IST" name="chrometest" finished-at="2025-09-09T21:29:26 IST" duration-ms="14277">
      <class name="TestCases.TC001_AccountRegistrationTest">
        <test-method is-config="true" signature="setup(java.lang.String)[pri:0, instance:TestCases.TC001_AccountRegistrationTest@45c7e403]" started-at="2025-09-09T21:29:11 IST" name="setup" finished-at="2025-09-09T21:29:13 IST" duration-ms="1919" status="PASS">
          <params>
            <param index="0">
              <value>
                <![CDATA[chrome]]>
              </value>
            </param>
          </params>
          <reporter-output>
          </reporter-output>
        </test-method> <!-- setup -->
        <test-method is-config="true" signature="tearUp()[pri:0, instance:TestCases.TC001_AccountRegistrationTest@45c7e403]" started-at="2025-09-09T21:29:13 IST" name="tearUp" finished-at="2025-09-09T21:29:18 IST" duration-ms="4630" status="PASS">
          <reporter-output>
          </reporter-output>
        </test-method> <!-- tearUp -->
        <test-method signature="verifyAccountRegistration()[pri:0, instance:TestCases.TC001_AccountRegistrationTest@45c7e403]" started-at="2025-09-09T21:29:18 IST" name="verifyAccountRegistration" finished-at="2025-09-09T21:29:26 IST" duration-ms="7610" status="PASS">
          <reporter-output>
          </reporter-output>
        </test-method> <!-- verifyAccountRegistration -->
        <test-method is-config="true" signature="tearDown()[pri:0, instance:TestCases.TC001_AccountRegistrationTest@45c7e403]" started-at="2025-09-09T21:29:26 IST" name="tearDown" finished-at="2025-09-09T21:29:26 IST" duration-ms="83" status="PASS">
          <reporter-output>
          </reporter-output>
        </test-method> <!-- tearDown -->
      </class> <!-- TestCases.TC001_AccountRegistrationTest -->
    </test> <!-- chrometest -->
    <test started-at="2025-09-09T21:29:26 IST" name="firefoxtest" finished-at="2025-09-09T21:29:41 IST" duration-ms="15106">
      <class name="TestCases.TC001_AccountRegistrationTest">
        <test-method is-config="true" signature="setup(java.lang.String)[pri:0, instance:TestCases.TC001_AccountRegistrationTest@6a2f6f80]" started-at="2025-09-09T21:29:26 IST" name="setup" finished-at="2025-09-09T21:29:28 IST" duration-ms="2564" status="PASS">
          <params>
            <param index="0">
              <value>
                <![CDATA[firefox]]>
              </value>
            </param>
          </params>
          <reporter-output>
          </reporter-output>
        </test-method> <!-- setup -->
        <test-method is-config="true" signature="tearUp()[pri:0, instance:TestCases.TC001_AccountRegistrationTest@6a2f6f80]" started-at="2025-09-09T21:29:28 IST" name="tearUp" finished-at="2025-09-09T21:29:33 IST" duration-ms="4688" status="PASS">
          <reporter-output>
          </reporter-output>
        </test-method> <!-- tearUp -->
        <test-method signature="verifyAccountRegistration()[pri:0, instance:TestCases.TC001_AccountRegistrationTest@6a2f6f80]" started-at="2025-09-09T21:29:33 IST" name="verifyAccountRegistration" finished-at="2025-09-09T21:29:41 IST" duration-ms="7770" status="PASS">
          <reporter-output>
          </reporter-output>
        </test-method> <!-- verifyAccountRegistration -->
        <test-method is-config="true" signature="tearDown()[pri:0, instance:TestCases.TC001_AccountRegistrationTest@6a2f6f80]" started-at="2025-09-09T21:29:41 IST" name="tearDown" finished-at="2025-09-09T21:29:41 IST" duration-ms="78" status="PASS">
          <reporter-output>
          </reporter-output>
        </test-method> <!-- tearDown -->
      </class> <!-- TestCases.TC001_AccountRegistrationTest -->
    </test> <!-- firefoxtest -->
    <test started-at="2025-09-09T21:29:41 IST" name="edgetest" finished-at="2025-09-09T21:29:55 IST" duration-ms="13904">
      <class name="TestCases.TC001_AccountRegistrationTest">
        <test-method is-config="true" signature="setup(java.lang.String)[pri:0, instance:TestCases.TC001_AccountRegistrationTest@399c4be1]" started-at="2025-09-09T21:29:41 IST" name="setup" finished-at="2025-09-09T21:29:42 IST" duration-ms="1432" status="PASS">
          <params>
            <param index="0">
              <value>
                <![CDATA[edge]]>
              </value>
            </param>
          </params>
          <reporter-output>
          </reporter-output>
        </test-method> <!-- setup -->
        <test-method is-config="true" signature="tearUp()[pri:0, instance:TestCases.TC001_AccountRegistrationTest@399c4be1]" started-at="2025-09-09T21:29:42 IST" name="tearUp" finished-at="2025-09-09T21:29:47 IST" duration-ms="4688" status="PASS">
          <reporter-output>
          </reporter-output>
        </test-method> <!-- tearUp -->
        <test-method signature="verifyAccountRegistration()[pri:0, instance:TestCases.TC001_AccountRegistrationTest@399c4be1]" started-at="2025-09-09T21:29:47 IST" name="verifyAccountRegistration" finished-at="2025-09-09T21:29:55 IST" duration-ms="7701" status="PASS">
          <reporter-output>
          </reporter-output>
        </test-method> <!-- verifyAccountRegistration -->
        <test-method is-config="true" signature="tearDown()[pri:0, instance:TestCases.TC001_AccountRegistrationTest@399c4be1]" started-at="2025-09-09T21:29:55 IST" name="tearDown" finished-at="2025-09-09T21:29:55 IST" duration-ms="77" status="PASS">
          <reporter-output>
          </reporter-output>
        </test-method> <!-- tearDown -->
      </class> <!-- TestCases.TC001_AccountRegistrationTest -->
    </test> <!-- edgetest -->
  </suite> <!-- mysuite -->
</testng-results>
